This file contains any messages produced by compilers while
running configure, to aid debugging if configure makes a mistake.

It was created by libusb configure 1.0.3, which was
generated by GNU Autoconf 2.63.  Invocation command line was

  $ ./configure 

## --------- ##
## Platform. ##
## --------- ##

hostname = felix-VirtualBox
uname -m = x86_64
uname -r = 5.4.0-52-generic
uname -s = Linux
uname -v = #57-Ubuntu SMP Thu Oct 15 10:57:00 UTC 2020

/usr/bin/uname -p = x86_64
/bin/uname -X     = unknown

/bin/arch              = x86_64
/usr/bin/arch -k       = unknown
/usr/convex/getsysinfo = unknown
/usr/bin/hostinfo      = unknown
/bin/machine           = unknown
/usr/bin/oslevel       = unknown
/bin/universe          = unknown

PATH: /usr/local/sbin
PATH: /usr/local/bin
PATH: /usr/sbin
PATH: /usr/bin
PATH: /sbin
PATH: /bin
PATH: /snap/bin


## ----------- ##
## Core tests. ##
## ----------- ##

configure:2072: checking for a BSD-compatible install
configure:2140: result: /usr/bin/install -c
configure:2151: checking whether build environment is sane
configure:2194: result: yes
configure:2219: checking for a thread-safe mkdir -p
configure:2258: result: /usr/bin/mkdir -p
configure:2271: checking for gawk
configure:2301: result: no
configure:2271: checking for mawk
configure:2287: found /usr/bin/mawk
configure:2298: result: mawk
configure:2309: checking whether make sets $(MAKE)
configure:2331: result: yes
configure:2569: checking for gcc
configure:2585: found /usr/bin/gcc
configure:2596: result: gcc
configure:2828: checking for C compiler version
configure:2836: gcc --version >&5
gcc (Ubuntu 9.3.0-17ubuntu1~20.04) 9.3.0
Copyright (C) 2019 Free Software Foundation, Inc.
This is free software; see the source for copying conditions.  There is NO
warranty; not even for MERCHANTABILITY or FITNESS FOR A PARTICULAR PURPOSE.

configure:2840: $? = 0
configure:2847: gcc -v >&5
Using built-in specs.
COLLECT_GCC=gcc
COLLECT_LTO_WRAPPER=/usr/lib/gcc/x86_64-linux-gnu/9/lto-wrapper
OFFLOAD_TARGET_NAMES=nvptx-none:hsa
OFFLOAD_TARGET_DEFAULT=1
Target: x86_64-linux-gnu
Configured with: ../src/configure -v --with-pkgversion='Ubuntu 9.3.0-17ubuntu1~20.04' --with-bugurl=file:///usr/share/doc/gcc-9/README.Bugs --enable-languages=c,ada,c++,go,brig,d,fortran,objc,obj-c++,gm2 --prefix=/usr --with-gcc-major-version-only --program-suffix=-9 --program-prefix=x86_64-linux-gnu- --enable-shared --enable-linker-build-id --libexecdir=/usr/lib --without-included-gettext --enable-threads=posix --libdir=/usr/lib --enable-nls --enable-clocale=gnu --enable-libstdcxx-debug --enable-libstdcxx-time=yes --with-default-libstdcxx-abi=new --enable-gnu-unique-object --disable-vtable-verify --enable-plugin --enable-default-pie --with-system-zlib --with-target-system-zlib=auto --enable-objc-gc=auto --enable-multiarch --disable-werror --with-arch-32=i686 --with-abi=m64 --with-multilib-list=m32,m64,mx32 --enable-multilib --with-tune=generic --enable-offload-targets=nvptx-none=/build/gcc-9-HskZEa/gcc-9-9.3.0/debian/tmp-nvptx/usr,hsa --without-cuda-driver --enable-checking=release --build=x86_64-linux-gnu --host=x86_64-linux-gnu --target=x86_64-linux-gnu
Thread model: posix
gcc version 9.3.0 (Ubuntu 9.3.0-17ubuntu1~20.04) 
configure:2851: $? = 0
configure:2858: gcc -V >&5
gcc: error: unrecognized command line option '-V'
gcc: fatal error: no input files
compilation terminated.
configure:2862: $? = 1
configure:2885: checking for C compiler default output file name
configure:2907: gcc    conftest.c  >&5
configure:2911: $? = 0
configure:2949: result: a.out
configure:2968: checking whether the C compiler works
configure:2978: ./a.out
configure:2982: $? = 0
configure:3001: result: yes
configure:3008: checking whether we are cross compiling
configure:3010: result: no
configure:3013: checking for suffix of executables
configure:3020: gcc -o conftest    conftest.c  >&5
configure:3024: $? = 0
configure:3050: result: 
configure:3056: checking for suffix of object files
configure:3082: gcc -c   conftest.c >&5
configure:3086: $? = 0
configure:3111: result: o
configure:3115: checking whether we are using the GNU C compiler
configure:3144: gcc -c   conftest.c >&5
configure:3151: $? = 0
configure:3168: result: yes
configure:3177: checking whether gcc accepts -g
configure:3207: gcc -c -g  conftest.c >&5
configure:3214: $? = 0
configure:3315: result: yes
configure:3332: checking for gcc option to accept ISO C89
configure:3406: gcc  -c -g -O2  conftest.c >&5
configure:3413: $? = 0
configure:3436: result: none needed
configure:3465: checking for style of include used by make
configure:3493: result: GNU
configure:3518: checking dependency style of gcc
configure:3609: result: gcc3
configure:3655: checking build system type
configure:3673: result: x86_64-unknown-linux-gnu
configure:3695: checking host system type
configure:3710: result: x86_64-unknown-linux-gnu
configure:3732: checking for a sed that does not truncate output
configure:3798: result: /usr/bin/sed
configure:3816: checking for grep that handles long lines and -e
configure:3876: result: /usr/bin/grep
configure:3881: checking for egrep
configure:3945: result: /usr/bin/grep -E
configure:3950: checking for fgrep
configure:4014: result: /usr/bin/grep -F
configure:4049: checking for ld used by gcc
configure:4116: result: /usr/bin/ld
configure:4125: checking if the linker (/usr/bin/ld) is GNU ld
configure:4140: result: yes
configure:4152: checking for BSD- or MS-compatible name lister (nm)
configure:4201: result: /usr/bin/nm -B
configure:4319: checking the name lister (/usr/bin/nm -B) interface
configure:4336: gcc -c -g -O2  conftest.c >&5
configure:4339: /usr/bin/nm -B "conftest.o"
configure:4342: output
0000000000000000 B some_variable
configure:4333: result: BSD nm
configure:4336: checking whether ln -s works
configure:4340: result: yes
configure:4348: checking the maximum length of command line arguments
configure:4468: result: 1572864
configure:4485: checking whether the shell understands some XSI constructs
configure:4494: result: yes
configure:4498: checking whether the shell understands "+="
configure:4502: result: yes
configure:4537: checking for /usr/bin/ld option to reload object files
configure:4544: result: -r
configure:4613: checking for objdump
configure:4629: found /usr/bin/objdump
configure:4640: result: objdump
configure:4672: checking how to recognize dependent libraries
configure:4868: result: pass_all
configure:4928: checking for ar
configure:4944: found /usr/bin/ar
configure:4955: result: ar
configure:5033: checking for strip
configure:5049: found /usr/bin/strip
configure:5060: result: strip
configure:5132: checking for ranlib
configure:5148: found /usr/bin/ranlib
configure:5159: result: ranlib
configure:5249: checking command to parse /usr/bin/nm -B output from gcc object
configure:5367: gcc -c -g -O2  conftest.c >&5
configure:5370: $? = 0
configure:5374: /usr/bin/nm -B conftest.o \| sed -n -e 's/^.*[	 ]\([ABCDGIRSTW][ABCDGIRSTW]*\)[	 ][	 ]*\([_A-Za-z][_A-Za-z0-9]*\)$/\1 \2 \2/p' \> conftest.nm
configure:5377: $? = 0
configure:5431: gcc -o conftest -g -O2   conftest.c conftstm.o >&5
configure:5434: $? = 0
configure:5472: result: ok
configure:5568: gcc -c -g -O2  conftest.c >&5
configure:5571: $? = 0
configure:6339: checking how to run the C preprocessor
configure:6379: gcc -E  conftest.c
configure:6386: $? = 0
configure:6417: gcc -E  conftest.c
conftest.c:10:10: fatal error: ac_nonexistent.h: No such file or directory
   10 | #include <ac_nonexistent.h>
      |          ^~~~~~~~~~~~~~~~~~
compilation terminated.
configure:6424: $? = 1
configure: failed program was:
| /* confdefs.h.  */
| #define PACKAGE_NAME "libusb"
| #define PACKAGE_TARNAME "libusb"
| #define PACKAGE_VERSION "1.0.3"
| #define PACKAGE_STRING "libusb 1.0.3"
| #define PACKAGE_BUGREPORT ""
| #define PACKAGE "libusb"
| #define VERSION "1.0.3"
| /* end confdefs.h.  */
| #include <ac_nonexistent.h>
configure:6457: result: gcc -E
configure:6486: gcc -E  conftest.c
configure:6493: $? = 0
configure:6524: gcc -E  conftest.c
conftest.c:10:10: fatal error: ac_nonexistent.h: No such file or directory
   10 | #include <ac_nonexistent.h>
      |          ^~~~~~~~~~~~~~~~~~
compilation terminated.
configure:6531: $? = 1
configure: failed program was:
| /* confdefs.h.  */
| #define PACKAGE_NAME "libusb"
| #define PACKAGE_TARNAME "libusb"
| #define PACKAGE_VERSION "1.0.3"
| #define PACKAGE_STRING "libusb 1.0.3"
| #define PACKAGE_BUGREPORT ""
| #define PACKAGE "libusb"
| #define VERSION "1.0.3"
| /* end confdefs.h.  */
| #include <ac_nonexistent.h>
configure:6571: checking for ANSI C header files
configure:6601: gcc -c -g -O2  conftest.c >&5
configure:6608: $? = 0
configure:6707: gcc -o conftest -g -O2   conftest.c  >&5
configure:6711: $? = 0
configure:6717: ./conftest
configure:6721: $? = 0
configure:6739: result: yes
configure:6763: checking for sys/types.h
configure:6784: gcc -c -g -O2  conftest.c >&5
configure:6791: $? = 0
configure:6808: result: yes
configure:6763: checking for sys/stat.h
configure:6784: gcc -c -g -O2  conftest.c >&5
configure:6791: $? = 0
configure:6808: result: yes
configure:6763: checking for stdlib.h
configure:6784: gcc -c -g -O2  conftest.c >&5
configure:6791: $? = 0
configure:6808: result: yes
configure:6763: checking for string.h
configure:6784: gcc -c -g -O2  conftest.c >&5
configure:6791: $? = 0
configure:6808: result: yes
configure:6763: checking for memory.h
configure:6784: gcc -c -g -O2  conftest.c >&5
configure:6791: $? = 0
configure:6808: result: yes
configure:6763: checking for strings.h
configure:6784: gcc -c -g -O2  conftest.c >&5
configure:6791: $? = 0
configure:6808: result: yes
configure:6763: checking for inttypes.h
configure:6784: gcc -c -g -O2  conftest.c >&5
configure:6791: $? = 0
configure:6808: result: yes
configure:6763: checking for stdint.h
configure:6784: gcc -c -g -O2  conftest.c >&5
configure:6791: $? = 0
configure:6808: result: yes
configure:6763: checking for unistd.h
configure:6784: gcc -c -g -O2  conftest.c >&5
configure:6791: $? = 0
configure:6808: result: yes
configure:6826: checking for dlfcn.h
configure:6847: gcc -c -g -O2  conftest.c >&5
configure:6854: $? = 0
configure:6871: result: yes
configure:7057: checking for objdir
configure:7072: result: .libs
configure:7364: checking if gcc supports -fno-rtti -fno-exceptions
configure:7401: gcc -c -g -O2  -fno-rtti -fno-exceptions conftest.c >&5
cc1: warning: command line option '-fno-rtti' is valid for C++/D/ObjC++ but not for C
configure:7405: $? = 0
configure:7399: result: no
configure:7419: checking for gcc option to produce PIC
configure:7691: result: -fPIC -DPIC
configure:7703: checking if gcc PIC flag -fPIC -DPIC works
configure:7740: gcc -c -g -O2  -fPIC -DPIC -DPIC conftest.c >&5
configure:7744: $? = 0
configure:7738: result: yes
configure:7762: checking if gcc static flag -static works
configure:7790: result: yes
configure:7805: checking if gcc supports -c -o file.o
configure:7845: gcc -c -g -O2  -o out/conftest2.o conftest.c >&5
configure:7849: $? = 0
configure:7852: result: yes
configure:7860: checking if gcc supports -c -o file.o
configure:7907: result: yes
configure:7940: checking whether the gcc linker (/usr/bin/ld -m elf_x86_64) supports shared libraries
configure:9014: result: yes
configure:9051: checking whether -lc should be explicitly linked in
configure:9056: gcc -c -g -O2  conftest.c >&5
configure:9059: $? = 0
configure:9074: gcc -shared conftest.o  -v -Wl,-soname -Wl,conftest -o conftest 2\>\&1 \| /usr/bin/grep  -lc  \>/dev/null 2\>\&1
configure:9077: $? = 0
configure:9089: result: no
configure:9253: checking dynamic linker characteristics
configure:9709: gcc -o conftest -g -O2   -Wl,-rpath -Wl,/foo conftest.c  >&5
configure:9716: $? = 0
configure:9949: result: GNU/Linux ld.so
configure:10051: checking how to hardcode library paths into programs
configure:10076: result: immediate
configure:10909: checking whether stripping libraries is possible
configure:10914: result: yes
configure:10949: checking if libtool supports shared libraries
configure:10951: result: yes
configure:10954: checking whether to build shared libraries
configure:10975: result: yes
configure:10978: checking whether to build static libraries
configure:10982: result: yes
configure:7856: checking for inline
configure:7882: gcc -c -g -O2  conftest.c >&5
configure:7889: $? = 0
configure:7907: result: inline
configure:7927: checking whether gcc and cc understand -c and -o together
configure:7962: gcc -c conftest.c -o conftest2.o >&5
configure:7966: $? = 0
configure:7972: gcc -c conftest.c -o conftest2.o >&5
configure:7976: $? = 0
configure:7987: cc -c conftest.c >&5
configure:7991: $? = 0
configure:7999: cc -c conftest.c -o conftest2.o >&5
configure:8003: $? = 0
configure:8009: cc -c conftest.c -o conftest2.o >&5
configure:8013: $? = 0
configure:8031: result: yes
configure:8064: checking operating system
configure:8074: result: Linux
configure:8078: checking for clock_gettime in -lrt
configure:8113: gcc -o conftest -g -O2   conftest.c -lrt   >&5
configure:8120: $? = 0
configure:8141: result: yes
configure:8274: gcc -c -g -O2 -fgnu89-inline  conftest.c >&5
configure:8281: $? = 0
configure:8321: gcc -c -g -O2 -fvisibility=hidden  conftest.c >&5
configure:8328: $? = 0
configure:8378: gcc -c -g -O2 -Wno-pointer-sign  conftest.c >&5
configure:8385: $? = 0
configure:8538: creating ./config.status

## ---------------------- ##
## Running config.status. ##
## ---------------------- ##

This file was extended by libusb config.status 1.0.3, which was
generated by GNU Autoconf 2.63.  Invocation command line was

  CONFIG_FILES    = 
  CONFIG_HEADERS  = 
  CONFIG_LINKS    = 
  CONFIG_COMMANDS = 
  $ ./config.status 

on felix-VirtualBox

config.status:1001: creating libusb-1.0.pc
config.status:1001: creating Makefile
config.status:1001: creating libusb/Makefile
config.status:1001: creating examples/Makefile
config.status:1001: creating doc/Makefile
config.status:1001: creating doc/doxygen.cfg
config.status:1001: creating config.h
config.status:1275: executing depfiles commands
config.status:1275: executing libtool commands

## ---------------- ##
## Cache variables. ##
## ---------------- ##

ac_cv_build=x86_64-unknown-linux-gnu
ac_cv_c_compiler_gnu=yes
ac_cv_c_inline=inline
ac_cv_env_CC_set=
ac_cv_env_CC_value=
ac_cv_env_CFLAGS_set=
ac_cv_env_CFLAGS_value=
ac_cv_env_CPPFLAGS_set=
ac_cv_env_CPPFLAGS_value=
ac_cv_env_CPP_set=
ac_cv_env_CPP_value=
ac_cv_env_LDFLAGS_set=
ac_cv_env_LDFLAGS_value=
ac_cv_env_LIBS_set=
ac_cv_env_LIBS_value=
ac_cv_env_build_alias_set=
ac_cv_env_build_alias_value=
ac_cv_env_host_alias_set=
ac_cv_env_host_alias_value=
ac_cv_env_target_alias_set=
ac_cv_env_target_alias_value=
ac_cv_header_dlfcn_h=yes
ac_cv_header_inttypes_h=yes
ac_cv_header_memory_h=yes
ac_cv_header_stdc=yes
ac_cv_header_stdint_h=yes
ac_cv_header_stdlib_h=yes
ac_cv_header_string_h=yes
ac_cv_header_strings_h=yes
ac_cv_header_sys_stat_h=yes
ac_cv_header_sys_types_h=yes
ac_cv_header_unistd_h=yes
ac_cv_host=x86_64-unknown-linux-gnu
ac_cv_lib_rt_clock_gettime=yes
ac_cv_objext=o
ac_cv_path_EGREP='/usr/bin/grep -E'
ac_cv_path_FGREP='/usr/bin/grep -F'
ac_cv_path_GREP=/usr/bin/grep
ac_cv_path_SED=/usr/bin/sed
ac_cv_path_install='/usr/bin/install -c'
ac_cv_path_mkdir=/usr/bin/mkdir
ac_cv_prog_AWK=mawk
ac_cv_prog_CPP='gcc -E'
ac_cv_prog_ac_ct_AR=ar
ac_cv_prog_ac_ct_CC=gcc
ac_cv_prog_ac_ct_OBJDUMP=objdump
ac_cv_prog_ac_ct_RANLIB=ranlib
ac_cv_prog_ac_ct_STRIP=strip
ac_cv_prog_cc_c89=
ac_cv_prog_cc_g=yes
ac_cv_prog_cc_gcc_c_o=yes
ac_cv_prog_make_make_set=yes
am_cv_CC_dependencies_compiler_type=gcc3
lt_cv_deplibs_check_method=pass_all
lt_cv_file_magic_cmd='$MAGIC_CMD'
lt_cv_file_magic_test_file=
lt_cv_ld_reload_flag=-r
lt_cv_nm_interface='BSD nm'
lt_cv_objdir=.libs
lt_cv_path_LD=/usr/bin/ld
lt_cv_path_NM='/usr/bin/nm -B'
lt_cv_prog_compiler_c_o=yes
lt_cv_prog_compiler_pic_works=yes
lt_cv_prog_compiler_rtti_exceptions=no
lt_cv_prog_compiler_static_works=yes
lt_cv_prog_gnu_ld=yes
lt_cv_sys_global_symbol_pipe='sed -n -e '\''s/^.*[	 ]\([ABCDGIRSTW][ABCDGIRSTW]*\)[	 ][	 ]*\([_A-Za-z][_A-Za-z0-9]*\)$/\1 \2 \2/p'\'''
lt_cv_sys_global_symbol_to_c_name_address='sed -n -e '\''s/^: \([^ ]*\) $/  {\"\1\", (void *) 0},/p'\'' -e '\''s/^[ABCDGIRSTW]* \([^ ]*\) \([^ ]*\)$/  {"\2", (void *) \&\2},/p'\'''
lt_cv_sys_global_symbol_to_c_name_address_lib_prefix='sed -n -e '\''s/^: \([^ ]*\) $/  {\"\1\", (void *) 0},/p'\'' -e '\''s/^[ABCDGIRSTW]* \([^ ]*\) \(lib[^ ]*\)$/  {"\2", (void *) \&\2},/p'\'' -e '\''s/^[ABCDGIRSTW]* \([^ ]*\) \([^ ]*\)$/  {"lib\2", (void *) \&\2},/p'\'''
lt_cv_sys_global_symbol_to_cdecl='sed -n -e '\''s/^T .* \(.*\)$/extern int \1();/p'\'' -e '\''s/^[ABCDGIRSTW]* .* \(.*\)$/extern char \1;/p'\'''
lt_cv_sys_max_cmd_len=1572864

## ----------------- ##
## Output variables. ##
## ----------------- ##

ACLOCAL='${SHELL} /home/felix/Desktop/lo52/LO52_A2020/TP3/libusb-1.0.3/missing --run aclocal-1.10'
AMDEPBACKSLASH='\'
AMDEP_FALSE='#'
AMDEP_TRUE=''
AMTAR='${SHELL} /home/felix/Desktop/lo52/LO52_A2020/TP3/libusb-1.0.3/missing --run tar'
AM_CFLAGS='-std=gnu99 -fgnu89-inline -Wall -Wundef -Wunused -Wstrict-prototypes -Werror-implicit-function-declaration -Wno-pointer-sign -Wshadow'
AM_LDFLAGS=''
AR='ar'
AUTOCONF='${SHELL} /home/felix/Desktop/lo52/LO52_A2020/TP3/libusb-1.0.3/missing --run autoconf'
AUTOHEADER='${SHELL} /home/felix/Desktop/lo52/LO52_A2020/TP3/libusb-1.0.3/missing --run autoheader'
AUTOMAKE='${SHELL} /home/felix/Desktop/lo52/LO52_A2020/TP3/libusb-1.0.3/missing --run automake-1.10'
AWK='mawk'
BUILD_EXAMPLES_FALSE=''
BUILD_EXAMPLES_TRUE='#'
CC='gcc'
CCDEPMODE='depmode=gcc3'
CFLAGS='-g -O2'
CPP='gcc -E'
CPPFLAGS=''
CYGPATH_W='echo'
DEFS='-DHAVE_CONFIG_H'
DEPDIR='.deps'
DSYMUTIL=''
DUMPBIN=''
ECHO_C=''
ECHO_N='-n'
ECHO_T=''
EGREP='/usr/bin/grep -E'
EXEEXT=''
FGREP='/usr/bin/grep -F'
GREP='/usr/bin/grep'
INSTALL_DATA='${INSTALL} -m 644'
INSTALL_PROGRAM='${INSTALL}'
INSTALL_SCRIPT='${INSTALL}'
INSTALL_STRIP_PROGRAM='$(install_sh) -c -s'
LD='/usr/bin/ld -m elf_x86_64'
LDFLAGS=''
LIBOBJS=''
LIBS='-lrt '
LIBTOOL='$(SHELL) $(top_builddir)/libtool'
LIPO=''
LN_S='ln -s'
LTLIBOBJS=''
MAKEINFO='${SHELL} /home/felix/Desktop/lo52/LO52_A2020/TP3/libusb-1.0.3/missing --run makeinfo'
MKDIR_P='/usr/bin/mkdir -p'
NM='/usr/bin/nm -B'
NMEDIT=''
OBJDUMP='objdump'
OBJEXT='o'
OS_DARWIN=''
OS_DARWIN_FALSE=''
OS_DARWIN_TRUE='#'
OS_LINUX=''
OS_LINUX_FALSE='#'
OS_LINUX_TRUE=''
OTOOL64=''
OTOOL=''
PACKAGE='libusb'
PACKAGE_BUGREPORT=''
PACKAGE_NAME='libusb'
PACKAGE_STRING='libusb 1.0.3'
PACKAGE_TARNAME='libusb'
PACKAGE_VERSION='1.0.3'
PATH_SEPARATOR=':'
RANLIB='ranlib'
SED='/usr/bin/sed'
SET_MAKE=''
SHELL='/bin/bash'
STRIP='strip'
VERSION='1.0.3'
VISIBILITY_CFLAGS='-fvisibility=hidden'
ac_ct_CC='gcc'
ac_ct_DUMPBIN=''
am__fastdepCC_FALSE='#'
am__fastdepCC_TRUE=''
am__include='include'
am__isrc=''
am__leading_dot='.'
am__quote=''
am__tar='${AMTAR} chof - "$$tardir"'
am__untar='${AMTAR} xf -'
bindir='${exec_prefix}/bin'
build='x86_64-unknown-linux-gnu'
build_alias=''
build_cpu='x86_64'
build_os='linux-gnu'
build_vendor='unknown'
datadir='${datarootdir}'
datarootdir='${prefix}/share'
docdir='${datarootdir}/doc/${PACKAGE_TARNAME}'
dvidir='${docdir}'
exec_prefix='${prefix}'
host='x86_64-unknown-linux-gnu'
host_alias=''
host_cpu='x86_64'
host_os='linux-gnu'
host_vendor='unknown'
htmldir='${docdir}'
includedir='${prefix}/include'
infodir='${datarootdir}/info'
install_sh='$(SHELL) /home/felix/Desktop/lo52/LO52_A2020/TP3/libusb-1.0.3/install-sh'
libdir='${exec_prefix}/lib'
libexecdir='${exec_prefix}/libexec'
localedir='${datarootdir}/locale'
localstatedir='${prefix}/var'
lt_ECHO='echo'
lt_age='0'
lt_major='0'
lt_revision='0'
mandir='${datarootdir}/man'
mkdir_p='/usr/bin/mkdir -p'
oldincludedir='/usr/include'
pdfdir='${docdir}'
prefix='/usr/local'
program_transform_name='s,x,x,'
psdir='${docdir}'
sbindir='${exec_prefix}/sbin'
sharedstatedir='${prefix}/com'
sysconfdir='${prefix}/etc'
target_alias=''

## ----------- ##
## confdefs.h. ##
## ----------- ##

#define PACKAGE_NAME "libusb"
#define PACKAGE_TARNAME "libusb"
#define PACKAGE_VERSION "1.0.3"
#define PACKAGE_STRING "libusb 1.0.3"
#define PACKAGE_BUGREPORT ""
#define PACKAGE "libusb"
#define VERSION "1.0.3"
#define STDC_HEADERS 1
#define HAVE_SYS_TYPES_H 1
#define HAVE_SYS_STAT_H 1
#define HAVE_STDLIB_H 1
#define HAVE_STRING_H 1
#define HAVE_MEMORY_H 1
#define HAVE_STRINGS_H 1
#define HAVE_INTTYPES_H 1
#define HAVE_STDINT_H 1
#define HAVE_UNISTD_H 1
#define HAVE_DLFCN_H 1
#define LT_OBJDIR ".libs/"
#define _GNU_SOURCE /**/
#define OS_LINUX /**/
#define HAVE_LIBRT 1
#define ENABLE_LOGGING 1
#define API_EXPORTED __attribute__((visibility("default")))

configure: exit 0

## ---------------------- ##
## Running config.status. ##
## ---------------------- ##

This file was extended by libusb config.status 1.0.3, which was
generated by GNU Autoconf 2.63.  Invocation command line was

  CONFIG_FILES    = 
  CONFIG_HEADERS  = 
  CONFIG_LINKS    = 
  CONFIG_COMMANDS = 
  $ ./config.status Makefile

on felix-VirtualBox

config.status:1001: creating Makefile

## ---------------------- ##
## Running config.status. ##
## ---------------------- ##

This file was extended by libusb config.status 1.0.3, which was
generated by GNU Autoconf 2.63.  Invocation command line was

  CONFIG_FILES    = 
  CONFIG_HEADERS  = 
  CONFIG_LINKS    = 
  CONFIG_COMMANDS = 
  $ ./config.status libusb/Makefile depfiles

on felix-VirtualBox

config.status:1001: creating libusb/Makefile
config.status:1275: executing depfiles commands

## ---------------------- ##
## Running config.status. ##
## ---------------------- ##

This file was extended by libusb config.status 1.0.3, which was
generated by GNU Autoconf 2.63.  Invocation command line was

  CONFIG_FILES    = 
  CONFIG_HEADERS  = 
  CONFIG_LINKS    = 
  CONFIG_COMMANDS = 
  $ ./config.status doc/Makefile

on felix-VirtualBox

config.status:1001: creating doc/Makefile
